<?xml version="1.0" encoding="UTF-8"?>
<testsuite name="com.example.TestRunner" tests="0" skipped="0" failures="0" errors="0" timestamp="1970-01-01T00:00:00" hostname="computer" time="0.0">
  <properties/>
  <system-out><![CDATA[Feature: Welcome users

  Scenario: Can open a blog                               ?[90m# features/0001-can-be-welcomed.feature:44?[0m
    ?[32mWhen ?[0m?[32mI launch the app?[0m                                 ?[90m# SomeSteps.iLaunchTheApp()?[0m
    ?[32mAnd ?[0m?[32mI navigate to '?[0m?[32m?[1mBlog?[0m?[32m'?[0m                              ?[90m# SomeSteps.iNavigateToTableOfContents(String)?[0m
    ?[32mThen ?[0m?[32mthe title will be '?[0m?[32m?[1mBlog?[0m?[32m'?[0m                         ?[90m# SomeSteps.theTitleWillBeHeadFirstKotlin(String)?[0m
    ?[32mWhen ?[0m?[32mI open the first blog article with title '?[0m?[32m?[1mtitle?[0m?[32m'?[0m ?[90m# SomeSteps.iOpenTheFirstBlogArticleWithTitleTitle(String)?[0m
    ?[32mThen ?[0m?[32mI can see a blog article with title '?[0m?[32m?[1mtitle?[0m?[32m'?[0m      ?[90m# SomeSteps.iCanSeeABlogArticleWithTitleTitle(String)?[0m
    ?[32mWhen ?[0m?[32mI choose to return to blogs?[0m                      ?[90m# SomeSteps.iChooseToReturnToBlogs()?[0m
    ?[32mThen ?[0m?[32mthe title will be '?[0m?[32m?[1mBlog?[0m?[32m'?[0m                         ?[90m# SomeSteps.theTitleWillBeHeadFirstKotlin(String)?[0m

4 Scenarios (?[32m4 passed?[0m)
24 Steps (?[32m24 passed?[0m)
2m26.097s

]]></system-out>
  <system-err><![CDATA[]]></system-err>
</testsuite>
